<?xml version="1.0" encoding="UTF-8"?>
<testng-results ignored="0" total="2" passed="2" failed="0" skipped="0">
  <reporter-output>
  </reporter-output>
  <suite started-at="2025-01-05T22:27:15 IST" name="Default suite" finished-at="2025-01-05T22:27:33 IST" duration-ms="17641">
    <groups>
    </groups>
    <test started-at="2025-01-05T22:27:15 IST" name="Default test" finished-at="2025-01-05T22:27:33 IST" duration-ms="17641">
      <class name="org.dataprovider.DataProvid">
        <test-method is-config="true" signature="beforeMethod()[pri:0, instance:org.dataprovider.DataProvid@a514af7]" started-at="2025-01-05T22:27:15 IST" name="beforeMethod" finished-at="2025-01-05T22:27:26 IST" duration-ms="10418" status="PASS">
          <reporter-output>
          </reporter-output>
        </test-method> <!-- beforeMethod -->
        <test-method signature="Login(java.lang.String,java.lang.String)[pri:0, instance:org.dataprovider.DataProvid@a514af7]" started-at="2025-01-05T22:27:26 IST" name="Login" data-provider="getData" finished-at="2025-01-05T22:27:26 IST" duration-ms="402" status="PASS">
          <params>
            <param index="0">
              <value>
                <![CDATA[abcd@gmail.com]]>
              </value>
            </param>
            <param index="1">
              <value>
                <![CDATA[2345]]>
              </value>
            </param>
          </params>
          <reporter-output>
          </reporter-output>
        </test-method> <!-- Login -->
        <test-method is-config="true" signature="afterMethod()[pri:0, instance:org.dataprovider.DataProvid@a514af7]" started-at="2025-01-05T22:27:26 IST" name="afterMethod" finished-at="2025-01-05T22:27:26 IST" duration-ms="215" status="PASS">
          <reporter-output>
          </reporter-output>
        </test-method> <!-- afterMethod -->
        <test-method is-config="true" signature="beforeMethod()[pri:0, instance:org.dataprovider.DataProvid@a514af7]" started-at="2025-01-05T22:27:26 IST" name="beforeMethod" finished-at="2025-01-05T22:27:32 IST" duration-ms="5825" status="PASS">
          <reporter-output>
          </reporter-output>
        </test-method> <!-- beforeMethod -->
        <test-method signature="Login(java.lang.String,java.lang.String)[pri:0, instance:org.dataprovider.DataProvid@a514af7]" started-at="2025-01-05T22:27:32 IST" name="Login" data-provider="getData" finished-at="2025-01-05T22:27:33 IST" duration-ms="487" status="PASS">
          <params>
            <param index="0">
              <value>
                <![CDATA[efgh@gmail.com]]>
              </value>
            </param>
            <param index="1">
              <value>
                <![CDATA[6789]]>
              </value>
            </param>
          </params>
          <reporter-output>
          </reporter-output>
        </test-method> <!-- Login -->
        <test-method is-config="true" signature="afterMethod()[pri:0, instance:org.dataprovider.DataProvid@a514af7]" started-at="2025-01-05T22:27:33 IST" name="afterMethod" finished-at="2025-01-05T22:27:33 IST" duration-ms="231" status="PASS">
          <reporter-output>
          </reporter-output>
        </test-method> <!-- afterMethod -->
      </class> <!-- org.dataprovider.DataProvid -->
    </test> <!-- Default test -->
  </suite> <!-- Default suite -->
</testng-results>
