<?xml version="1.0" encoding="UTF-8"?>
<!-- Generated by org.testng.reporters.JUnitXMLReporter -->
<testsuite ignored="0" hostname="DESKTOP-05M6JRU" failures="0" tests="3" name="Test1" time="0.016" errors="0" timestamp="2025-01-06T13:00:54 IST">
  <testcase classname="org.dataprovider_parameter.DataProviderParameterEx" name="commonScenario" time="0.002"/>
  <testcase classname="org.dataprovider_parameter.DataProviderParameterEx" name="scenario1" time="0.002"/>
  <testcase classname="org.dataprovider_parameter.DataProviderParameterEx" name="scenario2" time="0.002"/>
</testsuite> <!-- Test1 -->
